0 info it worked if it ends with ok
1 verbose cli [ '/usr/local/bin/node', '/usr/local/bin/npm', 'run', 'dev' ]
2 info using npm@3.3.6
3 info using node@v5.0.0
4 verbose run-script [ 'predev', 'dev', 'postdev' ]
5 info lifecycle tictactoe-frontend@1.0.0~predev: tictactoe-frontend@1.0.0
6 silly lifecycle tictactoe-frontend@1.0.0~predev: no script for predev, continuing
7 info lifecycle tictactoe-frontend@1.0.0~dev: tictactoe-frontend@1.0.0
8 verbose lifecycle tictactoe-frontend@1.0.0~dev: unsafe-perm in lifecycle true
9 verbose lifecycle tictactoe-frontend@1.0.0~dev: PATH: /usr/local/lib/node_modules/npm/bin/node-gyp-bin:/Users/endel/Projects/tictactoe/frontend/node_modules/.bin:/usr/local/Cellar/android-sdk/22.6.2/tools:/usr/local/Cellar/android-sdk/22.6.2/platform-tools:/usr/local/Cellar/android-sdk/22.6.2:/usr/local/bin:/Users/endel/Projects/cocos2d-js-v3.0/tools/cocos2d-console/bin:/Users/endel/.rvm/gems/ruby-2.2.3/bin:/Users/endel/.rvm/gems/ruby-2.2.3@global/bin:/Users/endel/.rvm/rubies/ruby-2.2.3/bin:/usr/local/bin:/usr/bin:/bin:/usr/sbin:/sbin:/opt/X11/bin://Users/endel/bin:/Users/endel/Projects/emscripten:/Users/endel/.rvm/bin:/usr/local/opt/go/libexec/bin:/usr/local/Cellar/flex_sdk_4.6/bin
10 verbose lifecycle tictactoe-frontend@1.0.0~dev: CWD: /Users/endel/Projects/tictactoe/frontend
11 silly lifecycle tictactoe-frontend@1.0.0~dev: Args: [ '-c', 'webpack-dev-server' ]
12 silly lifecycle tictactoe-frontend@1.0.0~dev: Returned: code: 1  signal: null
13 info lifecycle tictactoe-frontend@1.0.0~dev: Failed to exec dev script
14 verbose stack Error: tictactoe-frontend@1.0.0 dev: `webpack-dev-server`
14 verbose stack Exit status 1
14 verbose stack     at EventEmitter.<anonymous> (/usr/local/lib/node_modules/npm/lib/utils/lifecycle.js:233:16)
14 verbose stack     at emitTwo (events.js:87:13)
14 verbose stack     at EventEmitter.emit (events.js:172:7)
14 verbose stack     at ChildProcess.<anonymous> (/usr/local/lib/node_modules/npm/lib/utils/spawn.js:24:14)
14 verbose stack     at emitTwo (events.js:87:13)
14 verbose stack     at ChildProcess.emit (events.js:172:7)
14 verbose stack     at maybeClose (internal/child_process.js:818:16)
14 verbose stack     at Process.ChildProcess._handle.onexit (internal/child_process.js:211:5)
15 verbose pkgid tictactoe-frontend@1.0.0
16 verbose cwd /Users/endel/Projects/tictactoe/frontend
17 error Darwin 14.0.0
18 error argv "/usr/local/bin/node" "/usr/local/bin/npm" "run" "dev"
19 error node v5.0.0
20 error npm  v3.3.6
21 error code ELIFECYCLE
22 error tictactoe-frontend@1.0.0 dev: `webpack-dev-server`
22 error Exit status 1
23 error Failed at the tictactoe-frontend@1.0.0 dev script 'webpack-dev-server'.
23 error This is most likely a problem with the tictactoe-frontend package,
23 error not with npm itself.
23 error Tell the author that this fails on your system:
23 error     webpack-dev-server
23 error You can get their info via:
23 error     npm owner ls tictactoe-frontend
23 error There is likely additional logging output above.
24 verbose exit [ 1, true ]
